<?xml version="1.0" encoding="UTF-8"?>
<!-- Generated by org.testng.reporters.JUnitReportReporter -->
<testsuite hostname="Jasons-MacBook-Pro.local" failures="0" tests="3" name="com.browserstack.BStackDemoTest" time="45.473" errors="0" timestamp="2023-05-02T00:10:47 EDT" skipped="0">
  <testcase classname="com.browserstack.BStackDemoTest" name="addProductToCart" time="11.913"/>
  <system-out/>
  <testcase classname="com.browserstack.BStackDemoTest" name="addProductToCart" time="20.568"/>
  <system-out/>
  <testcase classname="com.browserstack.BStackDemoTest" name="addProductToCart" time="12.992"/>
  <system-out/>
</testsuite> <!-- com.browserstack.BStackDemoTest -->
